<?xml version="1.0" encoding="UTF-8" ?>
<testsuite errors="1" failures="0" hostname="kali" name="test.model.testPawn" skipped="0" tests="1" time="0.0" timestamp="2020-05-20T14:45:52">
  <properties>
    <property name="ant.library.dir" value="/usr/share/ant/lib" />
    <property name="awt.toolkit" value="sun.awt.X11.XToolkit" />
    <property name="ant.file.type" value="file" />
    <property name="java.specification.version" value="11" />
    <property name="ant.project.name" value="Zen" />
    <property name="sun.cpu.isalist" value="" />
    <property name="ant.file.Zen" value="/home/leo/Documents/Cours/Projet/Code/ws/build.xml" />
    <property name="sun.jnu.encoding" value="UTF-8" />
    <property name="main.src.dir" value="/home/leo/Documents/Cours/Projet/Code/src" />
    <property name="java.class.path" value="/home/leo/Documents/Cours/Projet/Code/build/main:/home/leo/Documents/Cours/Projet/Code/build/test:/home/leo/junit/junit-4.12.jar:/home/leo/junit/hamcrest-core-1.3.jar:/usr/share/java/ant-launcher-1.10.7.jar:/usr/share/ant/lib/ant.jar:/usr/share/ant/lib/ant-junit.jar:/usr/share/ant/lib/ant-junit4.jar" />
    <property name="test.src.dir" value="/home/leo/Documents/Cours/Projet/Code/src/test" />
    <property name="dist" value="/home/leo/Documents/Cours/Projet/Code" />
    <property name="java.vm.vendor" value="Debian" />
    <property name="sun.arch.data.model" value="64" />
    <property name="test.build.dir" value="/home/leo/Documents/Cours/Projet/Code/build/test" />
    <property name="swing.aatext" value="true" />
    <property name="testReport" value="/home/leo/Documents/Cours/Projet/Code/testReport" />
    <property name="java.vendor.url" value="https://tracker.debian.org/openjdk-11" />
    <property name="user.timezone" value="" />
    <property name="os.name" value="Linux" />
    <property name="java.vm.specification.version" value="11" />
    <property name="sun.java.launcher" value="SUN_STANDARD" />
    <property name="user.country" value="US" />
    <property name="sun.boot.library.path" value="/usr/lib/jvm/java-11-openjdk-amd64/lib" />
    <property name="sun.java.command" value="org.apache.tools.ant.taskdefs.optional.junit.JUnitTestRunner test.model.testPawn skipNonTests=false filtertrace=true haltOnError=false haltOnFailure=false formatter=org.apache.tools.ant.taskdefs.optional.junit.SummaryJUnitResultFormatter showoutput=false outputtoformatters=true logfailedtests=true threadid=0 logtestlistenerevents=false formatter=org.apache.tools.ant.taskdefs.optional.junit.XMLJUnitResultFormatter,/home/leo/Documents/Cours/Projet/Code/ws/TEST-test.model.testPawn.xml crashfile=/home/leo/Documents/Cours/Projet/Code/ws/junitvmwatcher14674579993654911102.properties propsfile=/home/leo/Documents/Cours/Projet/Code/ws/junit794537076325892719.properties" />
    <property name="jdk.debug" value="release" />
    <property name="sun.cpu.endian" value="little" />
    <property name="user.home" value="/home/leo" />
    <property name="user.language" value="en" />
    <property name="java.specification.vendor" value="Oracle Corporation" />
    <property name="java.version.date" value="2020-04-14" />
    <property name="java.home" value="/usr/lib/jvm/java-11-openjdk-amd64" />
    <property name="basedir" value="/home/leo/Documents/Cours/Projet/Code/ws" />
    <property name="file.separator" value="/" />
    <property name="java.vm.compressedOopsMode" value="32-bit" />
    <property name="line.separator" value="&#xa;" />
    <property name="ant.java.version" value="11" />
    <property name="java.specification.name" value="Java Platform API Specification" />
    <property name="java.vm.specification.vendor" value="Oracle Corporation" />
    <property name="java.awt.graphicsenv" value="sun.awt.X11GraphicsEnvironment" />
    <property name="awt.useSystemAAFontSettings" value="on" />
    <property name="sun.management.compiler" value="HotSpot 64-Bit Tiered Compilers" />
    <property name="java.runtime.version" value="11.0.7-ea+9-post-Debian-1" />
    <property name="user.name" value="leo" />
    <property name="ant.file" value="/home/leo/Documents/Cours/Projet/Code/ws/build.xml" />
    <property name="path.separator" value=":" />
    <property name="main.build.dir" value="/home/leo/Documents/Cours/Projet/Code/build/main" />
    <property name="os.version" value="5.4.0-kali4-amd64" />
    <property name="java.runtime.name" value="OpenJDK Runtime Environment" />
    <property name="javadoc" value="/home/leo/Documents/Cours/Projet/Code/javaDoc" />
    <property name="ant.project.invoked-targets" value="test" />
    <property name="file.encoding" value="UTF-8" />
    <property name="java.vm.name" value="OpenJDK 64-Bit Server VM" />
    <property name="ant.core.lib" value="/usr/share/ant/lib/ant.jar" />
    <property name="java.vendor.url.bug" value="https://bugs.debian.org/openjdk-11" />
    <property name="java.io.tmpdir" value="/tmp" />
    <property name="java.version" value="11.0.7-ea" />
    <property name="user.dir" value="/home/leo/Documents/Cours/Projet/Code/ws" />
    <property name="os.arch" value="amd64" />
    <property name="java.vm.specification.name" value="Java Virtual Machine Specification" />
    <property name="java.awt.printerjob" value="sun.print.PSPrinterJob" />
    <property name="ant.home" value="/usr/share/ant" />
    <property name="sun.os.patch.level" value="unknown" />
    <property name="ant.version" value="Apache Ant(TM) version 1.10.7 compiled on October 24 2019" />
    <property name="java.library.path" value="/usr/java/packages/lib:/usr/lib/x86_64-linux-gnu/jni:/lib/x86_64-linux-gnu:/usr/lib/x86_64-linux-gnu:/usr/lib/jni:/lib:/usr/lib" />
    <property name="java.vm.info" value="mixed mode, sharing" />
    <property name="java.vendor" value="Debian" />
    <property name="java.vm.version" value="11.0.7-ea+9-post-Debian-1" />
    <property name="sun.io.unicode.encoding" value="UnicodeLittle" />
    <property name="ant.file.type.Zen" value="file" />
    <property name="java.class.version" value="55.0" />
    <property name="ant.project.default-target" value="test" />
  </properties>
  <error message="test.model.testPawn" type="java.lang.ClassNotFoundException">java.lang.ClassNotFoundException: test.model.testPawn
	at java.base/jdk.internal.loader.BuiltinClassLoader.loadClass(BuiltinClassLoader.java:581)
	at java.base/jdk.internal.loader.ClassLoaders$AppClassLoader.loadClass(ClassLoaders.java:178)
	at java.base/java.lang.ClassLoader.loadClass(ClassLoader.java:522)
	at java.base/java.lang.Class.forName0(Native Method)
	at java.base/java.lang.Class.forName(Class.java:398)
</error>
  <system-out><![CDATA[]]></system-out>
  <system-err><![CDATA[]]></system-err>
</testsuite>
